Build started 11/11/2016 11:17:25 AM.
     1>Project "D:\PROJECTS\VIT\SEM 7\ITE320\Assignment\improvement\RandomPool\RP\RP.vcxproj" on node 2 (Build target(s)).
     1>ClCompile:
         C:\Program Files (x86)\Microsoft Visual Studio 12.0\VC\bin\CL.exe /c /I"C:\Crypto++ 5.4" /ZI /nologo /W3 /WX- /Od /Oy- /D WIN32 /D _DEBUG /D _CONSOLE /D _MBCS /Gm- /EHsc /RTC1 /MTd /GS /fp:precise /Zc:wchar_t /Zc:forScope /Yc"stdafx.h" /Fp".\Debug/RP.pch" /Fo".\Debug/" /Fd".\Debug/vc120.pdb" /Gd /TP /analyze- /errorReport:prompt StdAfx.cpp
         StdAfx.cpp
         C:\Program Files (x86)\Microsoft Visual Studio 12.0\VC\bin\CL.exe /c /I"C:\Crypto++ 5.4" /ZI /nologo /W3 /WX- /Od /Oy- /D WIN32 /D _DEBUG /D _CONSOLE /D _MBCS /Gm- /EHsc /RTC1 /MTd /GS /fp:precise /Zc:wchar_t /Zc:forScope /Yu"stdafx.h" /Fp".\Debug/RP.pch" /Fo".\Debug/" /Fd".\Debug/vc120.pdb" /Gd /TP /analyze- /errorReport:prompt RP.cpp
         RP.cpp
     1>d:\projects\vit\sem 7\ite320\assignment\improvement\randompool\rp\rp.cpp(12): fatal error C1083: Cannot open include file: 'randpool.h': No such file or directory
     1>Done Building Project "D:\PROJECTS\VIT\SEM 7\ITE320\Assignment\improvement\RandomPool\RP\RP.vcxproj" (Build target(s)) -- FAILED.

Build FAILED.

Time Elapsed 00:00:22.82
